android/app/build/intermediates/manifest_merge_blame_file/release/manifest-merger-blame-release-report.txt
1<?xml version="1.0" encoding="utf-8"?>
2<manifest xmlns:android="http://schemas.android.com/apk/res/android"
3    package="com.app.flipzy"
4    android:versionCode="1"
5    android:versionName="1.0.0" >
6
7    <uses-sdk
8        android:minSdkVersion="24"
8-->src/main/AndroidManifest.xml
9        android:targetSdkVersion="34" />
9-->src/main/AndroidManifest.xml
10
11    <uses-permission android:name="android.permission.INTERNET" />
11-->src/main/AndroidManifest.xml:2:5-67
11-->src/main/AndroidManifest.xml:2:22-64
12    <!--
13         Required to query activities that can process text, see:
14         https://developer.android.com/training/package-visibility and
15         https://developer.android.com/reference/android/content/Intent#ACTION_PROCESS_TEXT.
16
17         In particular, this is used by the Flutter engine in io.flutter.plugin.text.ProcessTextPlugin.
18    -->
19    <queries>
19-->src/main/AndroidManifest.xml:41:5-46:15
20        <intent>
20-->src/main/AndroidManifest.xml:42:9-45:18
21            <action android:name="android.intent.action.PROCESS_TEXT" />
21-->src/main/AndroidManifest.xml:43:13-72
21-->src/main/AndroidManifest.xml:43:21-70
22
23            <data android:mimeType="text/plain" />
23-->src/main/AndroidManifest.xml:44:13-50
23-->src/main/AndroidManifest.xml:44:19-48
24        </intent>
25        <intent>
25-->[:file_picker] AndroidManifest.xml:10:9-14:18
26            <action android:name="android.intent.action.GET_CONTENT" />
26-->[:file_picker] AndroidManifest.xml:11:13-72
26-->[:file_picker] AndroidManifest.xml:11:21-69
27
28            <data android:mimeType="*/*" />
28-->src/main/AndroidManifest.xml:44:13-50
28-->src/main/AndroidManifest.xml:44:19-48
29        </intent>
30        <intent>
30-->[:flutter_inappwebview] AndroidManifest.xml:10:9-12:18
31            <action android:name="android.support.customtabs.action.CustomTabsService" />
31-->[:flutter_inappwebview] AndroidManifest.xml:11:13-90
31-->[:flutter_inappwebview] AndroidManifest.xml:11:21-87
32        </intent>
33    </queries>
34
35    <uses-permission android:name="android.permission.WAKE_LOCK" />
35-->[:firebase_messaging] AndroidManifest.xml:10:5-68
35-->[:firebase_messaging] AndroidManifest.xml:10:22-65
36    <uses-permission android:name="android.permission.ACCESS_NETWORK_STATE" /> <!-- Permissions options for the `notification` group -->
36-->[:firebase_messaging] AndroidManifest.xml:11:5-79
36-->[:firebase_messaging] AndroidManifest.xml:11:22-76
37    <uses-permission android:name="android.permission.POST_NOTIFICATIONS" />
37-->[:firebase_messaging] AndroidManifest.xml:13:5-77
37-->[:firebase_messaging] AndroidManifest.xml:13:22-74
38    <uses-permission android:name="android.permission.VIBRATE" /> <!-- Required by older versions of Google Play services to create IID tokens -->
38-->[:flutter_local_notifications] AndroidManifest.xml:9:5-66
38-->[:flutter_local_notifications] AndroidManifest.xml:9:22-63
39    <uses-permission android:name="com.google.android.c2dm.permission.RECEIVE" />
39-->[com.google.firebase:firebase-messaging:24.1.0] AndroidManifest.xml:26:5-82
39-->[com.google.firebase:firebase-messaging:24.1.0] AndroidManifest.xml:26:22-79
40    <uses-permission android:name="com.google.android.providers.gsf.permission.READ_GSERVICES" />
40-->[com.google.android.recaptcha:recaptcha:18.6.1] AndroidManifest.xml:9:5-98
40-->[com.google.android.recaptcha:recaptcha:18.6.1] AndroidManifest.xml:9:22-95
41
42    <permission
42-->[androidx.core:core:1.13.1] AndroidManifest.xml:22:5-24:47
43        android:name="com.app.flipzy.DYNAMIC_RECEIVER_NOT_EXPORTED_PERMISSION"
43-->[androidx.core:core:1.13.1] AndroidManifest.xml:23:9-81
44        android:protectionLevel="signature" />
44-->[androidx.core:core:1.13.1] AndroidManifest.xml:24:9-44
45
46    <uses-permission android:name="com.app.flipzy.DYNAMIC_RECEIVER_NOT_EXPORTED_PERMISSION" />
46-->[androidx.core:core:1.13.1] AndroidManifest.xml:26:5-97
46-->[androidx.core:core:1.13.1] AndroidManifest.xml:26:22-94
47
48    <application
49        android:name="android.app.Application"
49-->src/main/AndroidManifest.xml:5:9-42
50        android:appComponentFactory="androidx.core.app.CoreComponentFactory"
50-->[androidx.core:core:1.13.1] AndroidManifest.xml:28:18-86
51        android:enableOnBackInvokedCallback="true"
51-->src/main/AndroidManifest.xml:7:9-51
52        android:extractNativeLibs="false"
53        android:icon="@mipmap/ic_launcher"
53-->src/main/AndroidManifest.xml:6:9-43
54        android:label="flipzy" >
54-->src/main/AndroidManifest.xml:4:9-31
55        <activity
55-->src/main/AndroidManifest.xml:8:9-29:20
56            android:name="com.app.flipzy.MainActivity"
56-->src/main/AndroidManifest.xml:9:13-41
57            android:configChanges="orientation|keyboardHidden|keyboard|screenSize|smallestScreenSize|locale|layoutDirection|fontScale|screenLayout|density|uiMode"
57-->src/main/AndroidManifest.xml:14:13-163
58            android:exported="true"
58-->src/main/AndroidManifest.xml:10:13-36
59            android:hardwareAccelerated="true"
59-->src/main/AndroidManifest.xml:15:13-47
60            android:launchMode="singleTop"
60-->src/main/AndroidManifest.xml:11:13-43
61            android:taskAffinity=""
61-->src/main/AndroidManifest.xml:12:13-36
62            android:theme="@style/LaunchTheme"
62-->src/main/AndroidManifest.xml:13:13-47
63            android:windowSoftInputMode="adjustResize" >
63-->src/main/AndroidManifest.xml:16:13-55
64
65            <!--
66                 Specifies an Android theme to apply to this Activity as soon as
67                 the Android process has started. This theme is visible to the user
68                 while the Flutter UI initializes. After that, this theme continues
69                 to determine the Window background behind the Flutter UI.
70            -->
71            <meta-data
71-->src/main/AndroidManifest.xml:21:13-24:17
72                android:name="io.flutter.embedding.android.NormalTheme"
72-->src/main/AndroidManifest.xml:22:15-70
73                android:resource="@style/NormalTheme" />
73-->src/main/AndroidManifest.xml:23:15-52
74
75            <intent-filter>
75-->src/main/AndroidManifest.xml:25:13-28:29
76                <action android:name="android.intent.action.MAIN" />
76-->src/main/AndroidManifest.xml:26:17-68
76-->src/main/AndroidManifest.xml:26:25-66
77
78                <category android:name="android.intent.category.LAUNCHER" />
78-->src/main/AndroidManifest.xml:27:17-76
78-->src/main/AndroidManifest.xml:27:27-74
79            </intent-filter>
80        </activity>
81        <!--
82             Don't delete the meta-data below.
83             This is used by the Flutter tool to generate GeneratedPluginRegistrant.java
84        -->
85        <meta-data
85-->src/main/AndroidManifest.xml:32:9-34:33
86            android:name="flutterEmbedding"
86-->src/main/AndroidManifest.xml:33:13-44
87            android:value="2" />
87-->src/main/AndroidManifest.xml:34:13-30
88
89        <service
89-->[:firebase_auth] AndroidManifest.xml:10:9-14:19
90            android:name="com.google.firebase.components.ComponentDiscoveryService"
90-->[:firebase_auth] AndroidManifest.xml:10:18-89
91            android:directBootAware="true"
91-->[com.google.firebase:firebase-common:21.0.0] AndroidManifest.xml:32:13-43
92            android:exported="false" >
92-->[com.google.firebase:firebase-auth:23.2.0] AndroidManifest.xml:68:13-37
93            <meta-data
93-->[:firebase_auth] AndroidManifest.xml:11:13-13:85
94                android:name="com.google.firebase.components:io.flutter.plugins.firebase.auth.FlutterFirebaseAuthRegistrar"
94-->[:firebase_auth] AndroidManifest.xml:12:17-124
95                android:value="com.google.firebase.components.ComponentRegistrar" />
95-->[:firebase_auth] AndroidManifest.xml:13:17-82
96            <meta-data
96-->[:firebase_messaging] AndroidManifest.xml:38:13-40:85
97                android:name="com.google.firebase.components:io.flutter.plugins.firebase.messaging.FlutterFirebaseAppRegistrar"
97-->[:firebase_messaging] AndroidManifest.xml:39:17-128
98                android:value="com.google.firebase.components.ComponentRegistrar" />
98-->[:firebase_messaging] AndroidManifest.xml:40:17-82
99            <meta-data
99-->[:firebase_core] AndroidManifest.xml:11:13-13:85
100                android:name="com.google.firebase.components:io.flutter.plugins.firebase.core.FlutterFirebaseCoreRegistrar"
100-->[:firebase_core] AndroidManifest.xml:12:17-124
101                android:value="com.google.firebase.components.ComponentRegistrar" />
101-->[:firebase_core] AndroidManifest.xml:13:17-82
102            <meta-data
102-->[com.google.firebase:firebase-auth:23.2.0] AndroidManifest.xml:69:13-71:85
103                android:name="com.google.firebase.components:com.google.firebase.auth.FirebaseAuthRegistrar"
103-->[com.google.firebase:firebase-auth:23.2.0] AndroidManifest.xml:70:17-109
104                android:value="com.google.firebase.components.ComponentRegistrar" />
104-->[com.google.firebase:firebase-auth:23.2.0] AndroidManifest.xml:71:17-82
105            <meta-data
105-->[com.google.firebase:firebase-messaging:24.1.0] AndroidManifest.xml:57:13-59:85
106                android:name="com.google.firebase.components:com.google.firebase.messaging.FirebaseMessagingKtxRegistrar"
106-->[com.google.firebase:firebase-messaging:24.1.0] AndroidManifest.xml:58:17-122
107                android:value="com.google.firebase.components.ComponentRegistrar" />
107-->[com.google.firebase:firebase-messaging:24.1.0] AndroidManifest.xml:59:17-82
108            <meta-data
108-->[com.google.firebase:firebase-messaging:24.1.0] AndroidManifest.xml:60:13-62:85
109                android:name="com.google.firebase.components:com.google.firebase.messaging.FirebaseMessagingRegistrar"
109-->[com.google.firebase:firebase-messaging:24.1.0] AndroidManifest.xml:61:17-119
110                android:value="com.google.firebase.components.ComponentRegistrar" />
110-->[com.google.firebase:firebase-messaging:24.1.0] AndroidManifest.xml:62:17-82
111            <meta-data
111-->[com.google.firebase:firebase-installations:18.0.0] AndroidManifest.xml:15:13-17:85
112                android:name="com.google.firebase.components:com.google.firebase.installations.FirebaseInstallationsKtxRegistrar"
112-->[com.google.firebase:firebase-installations:18.0.0] AndroidManifest.xml:16:17-130
113                android:value="com.google.firebase.components.ComponentRegistrar" />
113-->[com.google.firebase:firebase-installations:18.0.0] AndroidManifest.xml:17:17-82
114            <meta-data
114-->[com.google.firebase:firebase-installations:18.0.0] AndroidManifest.xml:18:13-20:85
115                android:name="com.google.firebase.components:com.google.firebase.installations.FirebaseInstallationsRegistrar"
115-->[com.google.firebase:firebase-installations:18.0.0] AndroidManifest.xml:19:17-127
116                android:value="com.google.firebase.components.ComponentRegistrar" />
116-->[com.google.firebase:firebase-installations:18.0.0] AndroidManifest.xml:20:17-82
117            <meta-data
117-->[com.google.firebase:firebase-common-ktx:21.0.0] AndroidManifest.xml:12:13-14:85
118                android:name="com.google.firebase.components:com.google.firebase.ktx.FirebaseCommonLegacyRegistrar"
118-->[com.google.firebase:firebase-common-ktx:21.0.0] AndroidManifest.xml:13:17-116
119                android:value="com.google.firebase.components.ComponentRegistrar" />
119-->[com.google.firebase:firebase-common-ktx:21.0.0] AndroidManifest.xml:14:17-82
120            <meta-data
120-->[com.google.firebase:firebase-common:21.0.0] AndroidManifest.xml:35:13-37:85
121                android:name="com.google.firebase.components:com.google.firebase.FirebaseCommonKtxRegistrar"
121-->[com.google.firebase:firebase-common:21.0.0] AndroidManifest.xml:36:17-109
122                android:value="com.google.firebase.components.ComponentRegistrar" />
122-->[com.google.firebase:firebase-common:21.0.0] AndroidManifest.xml:37:17-82
123            <meta-data
123-->[com.google.firebase:firebase-datatransport:18.2.0] AndroidManifest.xml:25:13-27:85
124                android:name="com.google.firebase.components:com.google.firebase.datatransport.TransportRegistrar"
124-->[com.google.firebase:firebase-datatransport:18.2.0] AndroidManifest.xml:26:17-115
125                android:value="com.google.firebase.components.ComponentRegistrar" />
125-->[com.google.firebase:firebase-datatransport:18.2.0] AndroidManifest.xml:27:17-82
126        </service>
127        <service
127-->[:firebase_messaging] AndroidManifest.xml:16:9-19:72
128            android:name="io.flutter.plugins.firebase.messaging.FlutterFirebaseMessagingBackgroundService"
128-->[:firebase_messaging] AndroidManifest.xml:17:13-107
129            android:exported="false"
129-->[:firebase_messaging] AndroidManifest.xml:18:13-37
130            android:permission="android.permission.BIND_JOB_SERVICE" />
130-->[:firebase_messaging] AndroidManifest.xml:19:13-69
131        <service
131-->[:firebase_messaging] AndroidManifest.xml:20:9-26:19
132            android:name="io.flutter.plugins.firebase.messaging.FlutterFirebaseMessagingService"
132-->[:firebase_messaging] AndroidManifest.xml:21:13-97
133            android:exported="false" >
133-->[:firebase_messaging] AndroidManifest.xml:22:13-37
134            <intent-filter>
134-->[:firebase_messaging] AndroidManifest.xml:23:13-25:29
135                <action android:name="com.google.firebase.MESSAGING_EVENT" />
135-->[:firebase_messaging] AndroidManifest.xml:24:17-78
135-->[:firebase_messaging] AndroidManifest.xml:24:25-75
136            </intent-filter>
137        </service>
138
139        <receiver
139-->[:firebase_messaging] AndroidManifest.xml:28:9-35:20
140            android:name="io.flutter.plugins.firebase.messaging.FlutterFirebaseMessagingReceiver"
140-->[:firebase_messaging] AndroidManifest.xml:29:13-98
141            android:exported="true"
141-->[:firebase_messaging] AndroidManifest.xml:30:13-36
142            android:permission="com.google.android.c2dm.permission.SEND" >
142-->[:firebase_messaging] AndroidManifest.xml:31:13-73
143            <intent-filter>
143-->[:firebase_messaging] AndroidManifest.xml:32:13-34:29
144                <action android:name="com.google.android.c2dm.intent.RECEIVE" />
144-->[:firebase_messaging] AndroidManifest.xml:33:17-81
144-->[:firebase_messaging] AndroidManifest.xml:33:25-78
145            </intent-filter>
146        </receiver>
147
148        <provider
148-->[:firebase_messaging] AndroidManifest.xml:43:9-47:38
149            android:name="io.flutter.plugins.firebase.messaging.FlutterFirebaseMessagingInitProvider"
149-->[:firebase_messaging] AndroidManifest.xml:44:13-102
150            android:authorities="com.app.flipzy.flutterfirebasemessaginginitprovider"
150-->[:firebase_messaging] AndroidManifest.xml:45:13-88
151            android:exported="false"
151-->[:firebase_messaging] AndroidManifest.xml:46:13-37
152            android:initOrder="99" />
152-->[:firebase_messaging] AndroidManifest.xml:47:13-35
153
154        <activity
154-->[:flutter_inappwebview] AndroidManifest.xml:16:9-20:47
155            android:name="com.pichillilorenzo.flutter_inappwebview.in_app_browser.InAppBrowserActivity"
155-->[:flutter_inappwebview] AndroidManifest.xml:17:13-104
156            android:configChanges="orientation|keyboardHidden|keyboard|screenSize|locale|layoutDirection|fontScale|screenLayout|density"
156-->[:flutter_inappwebview] AndroidManifest.xml:18:13-137
157            android:exported="false"
157-->[:flutter_inappwebview] AndroidManifest.xml:19:13-37
158            android:theme="@style/AppTheme" />
158-->[:flutter_inappwebview] AndroidManifest.xml:20:13-44
159        <activity
159-->[:flutter_inappwebview] AndroidManifest.xml:21:9-24:55
160            android:name="com.pichillilorenzo.flutter_inappwebview.chrome_custom_tabs.ChromeCustomTabsActivity"
160-->[:flutter_inappwebview] AndroidManifest.xml:22:13-112
161            android:exported="false"
161-->[:flutter_inappwebview] AndroidManifest.xml:23:13-37
162            android:theme="@style/ThemeTransparent" />
162-->[:flutter_inappwebview] AndroidManifest.xml:24:13-52
163        <activity
163-->[:flutter_inappwebview] AndroidManifest.xml:25:9-28:55
164            android:name="com.pichillilorenzo.flutter_inappwebview.chrome_custom_tabs.TrustedWebActivity"
164-->[:flutter_inappwebview] AndroidManifest.xml:26:13-106
165            android:exported="false"
165-->[:flutter_inappwebview] AndroidManifest.xml:27:13-37
166            android:theme="@style/ThemeTransparent" />
166-->[:flutter_inappwebview] AndroidManifest.xml:28:13-52
167        <activity
167-->[:flutter_inappwebview] AndroidManifest.xml:29:9-33:55
168            android:name="com.pichillilorenzo.flutter_inappwebview.chrome_custom_tabs.ChromeCustomTabsActivitySingleInstance"
168-->[:flutter_inappwebview] AndroidManifest.xml:30:13-126
169            android:exported="false"
169-->[:flutter_inappwebview] AndroidManifest.xml:31:13-37
170            android:launchMode="singleInstance"
170-->[:flutter_inappwebview] AndroidManifest.xml:32:13-48
171            android:theme="@style/ThemeTransparent" />
171-->[:flutter_inappwebview] AndroidManifest.xml:33:13-52
172        <activity
172-->[:flutter_inappwebview] AndroidManifest.xml:34:9-38:55
173            android:name="com.pichillilorenzo.flutter_inappwebview.chrome_custom_tabs.TrustedWebActivitySingleInstance"
173-->[:flutter_inappwebview] AndroidManifest.xml:35:13-120
174            android:exported="false"
174-->[:flutter_inappwebview] AndroidManifest.xml:36:13-37
175            android:launchMode="singleInstance"
175-->[:flutter_inappwebview] AndroidManifest.xml:37:13-48
176            android:theme="@style/ThemeTransparent" />
176-->[:flutter_inappwebview] AndroidManifest.xml:38:13-52
177
178        <receiver
178-->[:flutter_inappwebview] AndroidManifest.xml:40:9-43:40
179            android:name="com.pichillilorenzo.flutter_inappwebview.chrome_custom_tabs.ActionBroadcastReceiver"
179-->[:flutter_inappwebview] AndroidManifest.xml:41:13-111
180            android:enabled="true"
180-->[:flutter_inappwebview] AndroidManifest.xml:42:13-35
181            android:exported="false" />
181-->[:flutter_inappwebview] AndroidManifest.xml:43:13-37
182
183        <meta-data
183-->[:flutter_inappwebview] AndroidManifest.xml:45:9-47:36
184            android:name="io.flutter.embedded_views_preview"
184-->[:flutter_inappwebview] AndroidManifest.xml:46:13-61
185            android:value="true" />
185-->[:flutter_inappwebview] AndroidManifest.xml:47:13-33
186
187        <provider
187-->[:image_picker_android] AndroidManifest.xml:11:9-19:20
188            android:name="io.flutter.plugins.imagepicker.ImagePickerFileProvider"
188-->[:image_picker_android] AndroidManifest.xml:12:13-82
189            android:authorities="com.app.flipzy.flutter.image_provider"
189-->[:image_picker_android] AndroidManifest.xml:13:13-74
190            android:exported="false"
190-->[:image_picker_android] AndroidManifest.xml:14:13-37
191            android:grantUriPermissions="true" >
191-->[:image_picker_android] AndroidManifest.xml:15:13-47
192            <meta-data
192-->[:image_picker_android] AndroidManifest.xml:16:13-18:75
193                android:name="android.support.FILE_PROVIDER_PATHS"
193-->[:image_picker_android] AndroidManifest.xml:17:17-67
194                android:resource="@xml/flutter_image_picker_file_paths" />
194-->[:image_picker_android] AndroidManifest.xml:18:17-72
195        </provider> <!-- Trigger Google Play services to install the backported photo picker module. -->
196        <service
196-->[:image_picker_android] AndroidManifest.xml:21:9-33:19
197            android:name="com.google.android.gms.metadata.ModuleDependencies"
197-->[:image_picker_android] AndroidManifest.xml:22:13-78
198            android:enabled="false"
198-->[:image_picker_android] AndroidManifest.xml:23:13-36
199            android:exported="false" >
199-->[:image_picker_android] AndroidManifest.xml:24:13-37
200            <intent-filter>
200-->[:image_picker_android] AndroidManifest.xml:26:13-28:29
201                <action android:name="com.google.android.gms.metadata.MODULE_DEPENDENCIES" />
201-->[:image_picker_android] AndroidManifest.xml:27:17-94
201-->[:image_picker_android] AndroidManifest.xml:27:25-91
202            </intent-filter>
203
204            <meta-data
204-->[:image_picker_android] AndroidManifest.xml:30:13-32:36
205                android:name="photopicker_activity:0:required"
205-->[:image_picker_android] AndroidManifest.xml:31:17-63
206                android:value="" />
206-->[:image_picker_android] AndroidManifest.xml:32:17-33
207        </service>
208
209        <activity
209-->[com.google.firebase:firebase-auth:23.2.0] AndroidManifest.xml:29:9-46:20
210            android:name="com.google.firebase.auth.internal.GenericIdpActivity"
210-->[com.google.firebase:firebase-auth:23.2.0] AndroidManifest.xml:30:13-80
211            android:excludeFromRecents="true"
211-->[com.google.firebase:firebase-auth:23.2.0] AndroidManifest.xml:31:13-46
212            android:exported="true"
212-->[com.google.firebase:firebase-auth:23.2.0] AndroidManifest.xml:32:13-36
213            android:launchMode="singleTask"
213-->[com.google.firebase:firebase-auth:23.2.0] AndroidManifest.xml:33:13-44
214            android:theme="@android:style/Theme.Translucent.NoTitleBar" >
214-->[com.google.firebase:firebase-auth:23.2.0] AndroidManifest.xml:34:13-72
215            <intent-filter>
215-->[com.google.firebase:firebase-auth:23.2.0] AndroidManifest.xml:35:13-45:29
216                <action android:name="android.intent.action.VIEW" />
216-->[com.google.firebase:firebase-auth:23.2.0] AndroidManifest.xml:36:17-69
216-->[com.google.firebase:firebase-auth:23.2.0] AndroidManifest.xml:36:25-66
217
218                <category android:name="android.intent.category.DEFAULT" />
218-->[com.google.firebase:firebase-auth:23.2.0] AndroidManifest.xml:38:17-76
218-->[com.google.firebase:firebase-auth:23.2.0] AndroidManifest.xml:38:27-73
219                <category android:name="android.intent.category.BROWSABLE" />
219-->[com.google.firebase:firebase-auth:23.2.0] AndroidManifest.xml:39:17-78
219-->[com.google.firebase:firebase-auth:23.2.0] AndroidManifest.xml:39:27-75
220
221                <data
221-->src/main/AndroidManifest.xml:44:13-50
222                    android:host="firebase.auth"
223                    android:path="/"
224                    android:scheme="genericidp" />
225            </intent-filter>
226        </activity>
227        <activity
227-->[com.google.firebase:firebase-auth:23.2.0] AndroidManifest.xml:47:9-64:20
228            android:name="com.google.firebase.auth.internal.RecaptchaActivity"
228-->[com.google.firebase:firebase-auth:23.2.0] AndroidManifest.xml:48:13-79
229            android:excludeFromRecents="true"
229-->[com.google.firebase:firebase-auth:23.2.0] AndroidManifest.xml:49:13-46
230            android:exported="true"
230-->[com.google.firebase:firebase-auth:23.2.0] AndroidManifest.xml:50:13-36
231            android:launchMode="singleTask"
231-->[com.google.firebase:firebase-auth:23.2.0] AndroidManifest.xml:51:13-44
232            android:theme="@android:style/Theme.Translucent.NoTitleBar" >
232-->[com.google.firebase:firebase-auth:23.2.0] AndroidManifest.xml:52:13-72
233            <intent-filter>
233-->[com.google.firebase:firebase-auth:23.2.0] AndroidManifest.xml:53:13-63:29
234                <action android:name="android.intent.action.VIEW" />
234-->[com.google.firebase:firebase-auth:23.2.0] AndroidManifest.xml:36:17-69
234-->[com.google.firebase:firebase-auth:23.2.0] AndroidManifest.xml:36:25-66
235
236                <category android:name="android.intent.category.DEFAULT" />
236-->[com.google.firebase:firebase-auth:23.2.0] AndroidManifest.xml:38:17-76
236-->[com.google.firebase:firebase-auth:23.2.0] AndroidManifest.xml:38:27-73
237                <category android:name="android.intent.category.BROWSABLE" />
237-->[com.google.firebase:firebase-auth:23.2.0] AndroidManifest.xml:39:17-78
237-->[com.google.firebase:firebase-auth:23.2.0] AndroidManifest.xml:39:27-75
238
239                <data
239-->src/main/AndroidManifest.xml:44:13-50
240                    android:host="firebase.auth"
241                    android:path="/"
242                    android:scheme="recaptcha" />
243            </intent-filter>
244        </activity>
245
246        <service
246-->[androidx.credentials:credentials-play-services-auth:1.2.0-rc01] AndroidManifest.xml:24:9-32:19
247            android:name="androidx.credentials.playservices.CredentialProviderMetadataHolder"
247-->[androidx.credentials:credentials-play-services-auth:1.2.0-rc01] AndroidManifest.xml:25:13-94
248            android:enabled="true"
248-->[androidx.credentials:credentials-play-services-auth:1.2.0-rc01] AndroidManifest.xml:26:13-35
249            android:exported="false" >
249-->[androidx.credentials:credentials-play-services-auth:1.2.0-rc01] AndroidManifest.xml:27:13-37
250            <meta-data
250-->[androidx.credentials:credentials-play-services-auth:1.2.0-rc01] AndroidManifest.xml:29:13-31:104
251                android:name="androidx.credentials.CREDENTIAL_PROVIDER_KEY"
251-->[androidx.credentials:credentials-play-services-auth:1.2.0-rc01] AndroidManifest.xml:30:17-76
252                android:value="androidx.credentials.playservices.CredentialProviderPlayServicesImpl" />
252-->[androidx.credentials:credentials-play-services-auth:1.2.0-rc01] AndroidManifest.xml:31:17-101
253        </service>
254
255        <activity
255-->[androidx.credentials:credentials-play-services-auth:1.2.0-rc01] AndroidManifest.xml:34:9-41:20
256            android:name="androidx.credentials.playservices.HiddenActivity"
256-->[androidx.credentials:credentials-play-services-auth:1.2.0-rc01] AndroidManifest.xml:35:13-76
257            android:configChanges="orientation|screenSize|screenLayout|keyboardHidden"
257-->[androidx.credentials:credentials-play-services-auth:1.2.0-rc01] AndroidManifest.xml:36:13-87
258            android:enabled="true"
258-->[androidx.credentials:credentials-play-services-auth:1.2.0-rc01] AndroidManifest.xml:37:13-35
259            android:exported="false"
259-->[androidx.credentials:credentials-play-services-auth:1.2.0-rc01] AndroidManifest.xml:38:13-37
260            android:fitsSystemWindows="true"
260-->[androidx.credentials:credentials-play-services-auth:1.2.0-rc01] AndroidManifest.xml:39:13-45
261            android:theme="@style/Theme.Hidden" >
261-->[androidx.credentials:credentials-play-services-auth:1.2.0-rc01] AndroidManifest.xml:40:13-48
262        </activity>
263        <activity
263-->[com.google.android.gms:play-services-auth:21.0.0] AndroidManifest.xml:23:9-27:75
264            android:name="com.google.android.gms.auth.api.signin.internal.SignInHubActivity"
264-->[com.google.android.gms:play-services-auth:21.0.0] AndroidManifest.xml:24:13-93
265            android:excludeFromRecents="true"
265-->[com.google.android.gms:play-services-auth:21.0.0] AndroidManifest.xml:25:13-46
266            android:exported="false"
266-->[com.google.android.gms:play-services-auth:21.0.0] AndroidManifest.xml:26:13-37
267            android:theme="@android:style/Theme.Translucent.NoTitleBar" />
267-->[com.google.android.gms:play-services-auth:21.0.0] AndroidManifest.xml:27:13-72
268        <!--
269            Service handling Google Sign-In user revocation. For apps that do not integrate with
270            Google Sign-In, this service will never be started.
271        -->
272        <service
272-->[com.google.android.gms:play-services-auth:21.0.0] AndroidManifest.xml:33:9-37:51
273            android:name="com.google.android.gms.auth.api.signin.RevocationBoundService"
273-->[com.google.android.gms:play-services-auth:21.0.0] AndroidManifest.xml:34:13-89
274            android:exported="true"
274-->[com.google.android.gms:play-services-auth:21.0.0] AndroidManifest.xml:35:13-36
275            android:permission="com.google.android.gms.auth.api.signin.permission.REVOCATION_NOTIFICATION"
275-->[com.google.android.gms:play-services-auth:21.0.0] AndroidManifest.xml:36:13-107
276            android:visibleToInstantApps="true" />
276-->[com.google.android.gms:play-services-auth:21.0.0] AndroidManifest.xml:37:13-48
277
278        <receiver
278-->[com.google.firebase:firebase-messaging:24.1.0] AndroidManifest.xml:29:9-40:20
279            android:name="com.google.firebase.iid.FirebaseInstanceIdReceiver"
279-->[com.google.firebase:firebase-messaging:24.1.0] AndroidManifest.xml:30:13-78
280            android:exported="true"
280-->[com.google.firebase:firebase-messaging:24.1.0] AndroidManifest.xml:31:13-36
281            android:permission="com.google.android.c2dm.permission.SEND" >
281-->[com.google.firebase:firebase-messaging:24.1.0] AndroidManifest.xml:32:13-73
282            <intent-filter>
282-->[:firebase_messaging] AndroidManifest.xml:32:13-34:29
283                <action android:name="com.google.android.c2dm.intent.RECEIVE" />
283-->[:firebase_messaging] AndroidManifest.xml:33:17-81
283-->[:firebase_messaging] AndroidManifest.xml:33:25-78
284            </intent-filter>
285
286            <meta-data
286-->[com.google.firebase:firebase-messaging:24.1.0] AndroidManifest.xml:37:13-39:40
287                android:name="com.google.android.gms.cloudmessaging.FINISHED_AFTER_HANDLED"
287-->[com.google.firebase:firebase-messaging:24.1.0] AndroidManifest.xml:38:17-92
288                android:value="true" />
288-->[com.google.firebase:firebase-messaging:24.1.0] AndroidManifest.xml:39:17-37
289        </receiver>
290        <!--
291             FirebaseMessagingService performs security checks at runtime,